build/app/intermediates/manifest_merge_blame_file/release/manifest-merger-blame-release-report.txt
1<?xml version="1.0" encoding="utf-8"?>
2<manifest xmlns:android="http://schemas.android.com/apk/res/android"
3    package="com.example.mamma_calendar"
4    android:versionCode="1"
5    android:versionName="1.0.0" >
6
7    <uses-sdk
8        android:minSdkVersion="21"
9        android:targetSdkVersion="34" />
10
11    <!-- Permessi necessari -->
12    <uses-permission android:name="android.permission.RECEIVE_BOOT_COMPLETED" />
12-->src\main\AndroidManifest.xml:5:5-80
12-->src\main\AndroidManifest.xml:5:22-78
13    <uses-permission android:name="android.permission.VIBRATE" />
13-->src\main\AndroidManifest.xml:6:5-66
13-->src\main\AndroidManifest.xml:6:22-63
14    <uses-permission android:name="android.permission.USE_EXACT_ALARM" />
14-->src\main\AndroidManifest.xml:7:5-74
14-->src\main\AndroidManifest.xml:7:22-71
15    <uses-permission android:name="android.permission.SCHEDULE_EXACT_ALARM" />
15-->src\main\AndroidManifest.xml:8:5-78
15-->src\main\AndroidManifest.xml:8:22-76
16    <uses-permission android:name="android.permission.POST_NOTIFICATIONS" />
16-->src\main\AndroidManifest.xml:9:5-76
16-->src\main\AndroidManifest.xml:9:22-74
17    <uses-permission android:name="android.permission.INTERNET" />
17-->src\main\AndroidManifest.xml:10:5-66
17-->src\main\AndroidManifest.xml:10:22-64
18    <uses-permission android:name="android.permission.ACCESS_NETWORK_STATE" />
18-->src\main\AndroidManifest.xml:11:5-78
18-->src\main\AndroidManifest.xml:11:22-76
19
20    <!-- Android 12+ lancio esatto allarmi -->
21    <queries>
21-->src\main\AndroidManifest.xml:62:5-67:15
22        <intent>
22-->src\main\AndroidManifest.xml:63:9-66:18
23            <action android:name="android.intent.action.PROCESS_TEXT" />
23-->src\main\AndroidManifest.xml:64:13-72
23-->src\main\AndroidManifest.xml:64:21-70
24
25            <data android:mimeType="text/plain" />
25-->src\main\AndroidManifest.xml:65:13-50
25-->src\main\AndroidManifest.xml:65:19-48
26        </intent>
27    </queries>
28
29    <permission
29-->[androidx.core:core:1.13.1] AndroidManifest.xml:22:5-24:47
30        android:name="com.example.mamma_calendar.DYNAMIC_RECEIVER_NOT_EXPORTED_PERMISSION"
30-->[androidx.core:core:1.13.1] AndroidManifest.xml:23:9-81
31        android:protectionLevel="signature" />
31-->[androidx.core:core:1.13.1] AndroidManifest.xml:24:9-44
32
33    <uses-permission android:name="com.example.mamma_calendar.DYNAMIC_RECEIVER_NOT_EXPORTED_PERMISSION" />
33-->[androidx.core:core:1.13.1] AndroidManifest.xml:26:5-97
33-->[androidx.core:core:1.13.1] AndroidManifest.xml:26:22-94
34
35    <application
36        android:name="android.app.Application"
36-->src\main\AndroidManifest.xml:15:9-42
37        android:allowBackup="true"
37-->src\main\AndroidManifest.xml:18:9-35
38        android:appComponentFactory="androidx.core.app.CoreComponentFactory"
38-->[androidx.core:core:1.13.1] AndroidManifest.xml:28:18-86
39        android:extractNativeLibs="true"
40        android:icon="@mipmap/ic_launcher"
40-->src\main\AndroidManifest.xml:16:9-43
41        android:label="BoomerClnd"
41-->src\main\AndroidManifest.xml:14:9-35
42        android:networkSecurityConfig="@xml/network_security_config"
42-->src\main\AndroidManifest.xml:20:9-69
43        android:roundIcon="@mipmap/ic_launcher_round"
43-->src\main\AndroidManifest.xml:17:9-54
44        android:theme="@style/LaunchTheme" >
44-->src\main\AndroidManifest.xml:19:9-43
45        <activity
45-->src\main\AndroidManifest.xml:22:9-40:20
46            android:name="com.example.mamma_calendar.MainActivity"
46-->src\main\AndroidManifest.xml:23:13-41
47            android:configChanges="orientation|keyboardHidden|keyboard|screenSize|smallestScreenSize|locale|layoutDirection|fontScale|screenLayout|density|uiMode"
47-->src\main\AndroidManifest.xml:29:13-163
48            android:exported="true"
48-->src\main\AndroidManifest.xml:24:13-36
49            android:hardwareAccelerated="true"
49-->src\main\AndroidManifest.xml:30:13-47
50            android:launchMode="singleTop"
50-->src\main\AndroidManifest.xml:25:13-43
51            android:screenOrientation="portrait"
51-->src\main\AndroidManifest.xml:28:13-49
52            android:taskAffinity=""
52-->src\main\AndroidManifest.xml:26:13-36
53            android:theme="@style/LaunchTheme"
53-->src\main\AndroidManifest.xml:27:13-47
54            android:windowSoftInputMode="adjustResize" >
54-->src\main\AndroidManifest.xml:31:13-55
55            <meta-data
55-->src\main\AndroidManifest.xml:32:13-35:17
56                android:name="io.flutter.embedding.android.NormalTheme"
56-->src\main\AndroidManifest.xml:33:15-70
57                android:resource="@style/NormalTheme" />
57-->src\main\AndroidManifest.xml:34:15-52
58
59            <intent-filter>
59-->src\main\AndroidManifest.xml:36:13-39:29
60                <action android:name="android.intent.action.MAIN" />
60-->src\main\AndroidManifest.xml:37:17-68
60-->src\main\AndroidManifest.xml:37:25-66
61
62                <category android:name="android.intent.category.LAUNCHER" />
62-->src\main\AndroidManifest.xml:38:17-76
62-->src\main\AndroidManifest.xml:38:27-74
63            </intent-filter>
64        </activity>
65
66        <!-- Notifiche: receiver per boot -->
67        <receiver
67-->src\main\AndroidManifest.xml:43:9-51:20
68            android:name="com.dexterous.flutterlocalnotifications.ScheduledNotificationBootReceiver"
68-->src\main\AndroidManifest.xml:43:19-107
69            android:exported="false" >
69-->src\main\AndroidManifest.xml:44:13-37
70            <intent-filter>
70-->src\main\AndroidManifest.xml:45:13-50:29
71                <action android:name="android.intent.action.BOOT_COMPLETED" />
71-->src\main\AndroidManifest.xml:46:17-78
71-->src\main\AndroidManifest.xml:46:25-76
72                <action android:name="android.intent.action.MY_PACKAGE_REPLACED" />
72-->src\main\AndroidManifest.xml:47:17-83
72-->src\main\AndroidManifest.xml:47:25-81
73                <action android:name="android.intent.action.QUICKBOOT_POWERON" />
73-->src\main\AndroidManifest.xml:48:17-81
73-->src\main\AndroidManifest.xml:48:25-79
74                <action android:name="com.htc.intent.action.QUICKBOOT_POWERON" />
74-->src\main\AndroidManifest.xml:49:17-81
74-->src\main\AndroidManifest.xml:49:25-79
75            </intent-filter>
76        </receiver>
77        <receiver
77-->src\main\AndroidManifest.xml:53:9-54:40
78            android:name="com.dexterous.flutterlocalnotifications.ScheduledNotificationReceiver"
78-->src\main\AndroidManifest.xml:53:19-103
79            android:exported="false" />
79-->src\main\AndroidManifest.xml:54:13-37
80
81        <meta-data
81-->src\main\AndroidManifest.xml:56:9-58:33
82            android:name="flutterEmbedding"
82-->src\main\AndroidManifest.xml:57:13-44
83            android:value="2" />
83-->src\main\AndroidManifest.xml:58:13-30
84
85        <uses-library
85-->[androidx.window:window:1.2.0] AndroidManifest.xml:23:9-25:40
86            android:name="androidx.window.extensions"
86-->[androidx.window:window:1.2.0] AndroidManifest.xml:24:13-54
87            android:required="false" />
87-->[androidx.window:window:1.2.0] AndroidManifest.xml:25:13-37
88        <uses-library
88-->[androidx.window:window:1.2.0] AndroidManifest.xml:26:9-28:40
89            android:name="androidx.window.sidecar"
89-->[androidx.window:window:1.2.0] AndroidManifest.xml:27:13-51
90            android:required="false" />
90-->[androidx.window:window:1.2.0] AndroidManifest.xml:28:13-37
91
92        <activity
92-->[com.google.android.gms:play-services-auth:21.0.0] AndroidManifest.xml:23:9-27:75
93            android:name="com.google.android.gms.auth.api.signin.internal.SignInHubActivity"
93-->[com.google.android.gms:play-services-auth:21.0.0] AndroidManifest.xml:24:13-93
94            android:excludeFromRecents="true"
94-->[com.google.android.gms:play-services-auth:21.0.0] AndroidManifest.xml:25:13-46
95            android:exported="false"
95-->[com.google.android.gms:play-services-auth:21.0.0] AndroidManifest.xml:26:13-37
96            android:theme="@android:style/Theme.Translucent.NoTitleBar" />
96-->[com.google.android.gms:play-services-auth:21.0.0] AndroidManifest.xml:27:13-72
97        <!--
98            Service handling Google Sign-In user revocation. For apps that do not integrate with
99            Google Sign-In, this service will never be started.
100        -->
101        <service
101-->[com.google.android.gms:play-services-auth:21.0.0] AndroidManifest.xml:33:9-37:51
102            android:name="com.google.android.gms.auth.api.signin.RevocationBoundService"
102-->[com.google.android.gms:play-services-auth:21.0.0] AndroidManifest.xml:34:13-89
103            android:exported="true"
103-->[com.google.android.gms:play-services-auth:21.0.0] AndroidManifest.xml:35:13-36
104            android:permission="com.google.android.gms.auth.api.signin.permission.REVOCATION_NOTIFICATION"
104-->[com.google.android.gms:play-services-auth:21.0.0] AndroidManifest.xml:36:13-107
105            android:visibleToInstantApps="true" />
105-->[com.google.android.gms:play-services-auth:21.0.0] AndroidManifest.xml:37:13-48
106
107        <activity
107-->[com.google.android.gms:play-services-base:18.0.1] AndroidManifest.xml:20:9-22:45
108            android:name="com.google.android.gms.common.api.GoogleApiActivity"
108-->[com.google.android.gms:play-services-base:18.0.1] AndroidManifest.xml:20:19-85
109            android:exported="false"
109-->[com.google.android.gms:play-services-base:18.0.1] AndroidManifest.xml:22:19-43
110            android:theme="@android:style/Theme.Translucent.NoTitleBar" />
110-->[com.google.android.gms:play-services-base:18.0.1] AndroidManifest.xml:21:19-78
111
112        <meta-data
112-->[com.google.android.gms:play-services-basement:18.2.0] AndroidManifest.xml:21:9-23:69
113            android:name="com.google.android.gms.version"
113-->[com.google.android.gms:play-services-basement:18.2.0] AndroidManifest.xml:22:13-58
114            android:value="@integer/google_play_services_version" />
114-->[com.google.android.gms:play-services-basement:18.2.0] AndroidManifest.xml:23:13-66
115
116        <provider
116-->[androidx.lifecycle:lifecycle-process:2.7.0] AndroidManifest.xml:24:9-32:20
117            android:name="androidx.startup.InitializationProvider"
117-->[androidx.lifecycle:lifecycle-process:2.7.0] AndroidManifest.xml:25:13-67
118            android:authorities="com.example.mamma_calendar.androidx-startup"
118-->[androidx.lifecycle:lifecycle-process:2.7.0] AndroidManifest.xml:26:13-68
119            android:exported="false" >
119-->[androidx.lifecycle:lifecycle-process:2.7.0] AndroidManifest.xml:27:13-37
120            <meta-data
120-->[androidx.lifecycle:lifecycle-process:2.7.0] AndroidManifest.xml:29:13-31:52
121                android:name="androidx.lifecycle.ProcessLifecycleInitializer"
121-->[androidx.lifecycle:lifecycle-process:2.7.0] AndroidManifest.xml:30:17-78
122                android:value="androidx.startup" />
122-->[androidx.lifecycle:lifecycle-process:2.7.0] AndroidManifest.xml:31:17-49
123            <meta-data
123-->[androidx.profileinstaller:profileinstaller:1.3.1] AndroidManifest.xml:29:13-31:52
124                android:name="androidx.profileinstaller.ProfileInstallerInitializer"
124-->[androidx.profileinstaller:profileinstaller:1.3.1] AndroidManifest.xml:30:17-85
125                android:value="androidx.startup" />
125-->[androidx.profileinstaller:profileinstaller:1.3.1] AndroidManifest.xml:31:17-49
126        </provider>
127
128        <receiver
128-->[androidx.profileinstaller:profileinstaller:1.3.1] AndroidManifest.xml:34:9-52:20
129            android:name="androidx.profileinstaller.ProfileInstallReceiver"
129-->[androidx.profileinstaller:profileinstaller:1.3.1] AndroidManifest.xml:35:13-76
130            android:directBootAware="false"
130-->[androidx.profileinstaller:profileinstaller:1.3.1] AndroidManifest.xml:36:13-44
131            android:enabled="true"
131-->[androidx.profileinstaller:profileinstaller:1.3.1] AndroidManifest.xml:37:13-35
132            android:exported="true"
132-->[androidx.profileinstaller:profileinstaller:1.3.1] AndroidManifest.xml:38:13-36
133            android:permission="android.permission.DUMP" >
133-->[androidx.profileinstaller:profileinstaller:1.3.1] AndroidManifest.xml:39:13-57
134            <intent-filter>
134-->[androidx.profileinstaller:profileinstaller:1.3.1] AndroidManifest.xml:40:13-42:29
135                <action android:name="androidx.profileinstaller.action.INSTALL_PROFILE" />
135-->[androidx.profileinstaller:profileinstaller:1.3.1] AndroidManifest.xml:41:17-91
135-->[androidx.profileinstaller:profileinstaller:1.3.1] AndroidManifest.xml:41:25-88
136            </intent-filter>
137            <intent-filter>
137-->[androidx.profileinstaller:profileinstaller:1.3.1] AndroidManifest.xml:43:13-45:29
138                <action android:name="androidx.profileinstaller.action.SKIP_FILE" />
138-->[androidx.profileinstaller:profileinstaller:1.3.1] AndroidManifest.xml:44:17-85
138-->[androidx.profileinstaller:profileinstaller:1.3.1] AndroidManifest.xml:44:25-82
139            </intent-filter>
140            <intent-filter>
140-->[androidx.profileinstaller:profileinstaller:1.3.1] AndroidManifest.xml:46:13-48:29
141                <action android:name="androidx.profileinstaller.action.SAVE_PROFILE" />
141-->[androidx.profileinstaller:profileinstaller:1.3.1] AndroidManifest.xml:47:17-88
141-->[androidx.profileinstaller:profileinstaller:1.3.1] AndroidManifest.xml:47:25-85
142            </intent-filter>
143            <intent-filter>
143-->[androidx.profileinstaller:profileinstaller:1.3.1] AndroidManifest.xml:49:13-51:29
144                <action android:name="androidx.profileinstaller.action.BENCHMARK_OPERATION" />
144-->[androidx.profileinstaller:profileinstaller:1.3.1] AndroidManifest.xml:50:17-95
144-->[androidx.profileinstaller:profileinstaller:1.3.1] AndroidManifest.xml:50:25-92
145            </intent-filter>
146        </receiver>
147    </application>
148
149</manifest>